*** Starting uWSGI 2.0.20 (64bit) on [Fri Nov  5 22:58:22 2021] ***
compiled with version: Apple LLVM 12.0.5 (clang-1205.0.22.9) on 05 November 2021 19:51:18
os: Darwin-20.6.0 Darwin Kernel Version 20.6.0: Mon Aug 30 06:12:21 PDT 2021; root:xnu-7195.141.6~3/RELEASE_X86_64
nodename: Diordychuks-MacBook-Pro.local
machine: x86_64
clock source: unix
pcre jit disabled
detected number of CPU cores: 4
current working directory: /Users/kdustin/d08/ex01
detected binary path: /Users/kdustin/d08/ex01/django_venv/bin/uwsgi
chdir() to /Users/kdustin/d08/ex01/django_project/
your processes number limit is 1392
your memory page size is 4096 bytes
detected max file descriptor number: 10240
lock engine: OSX spinlocks
thunder lock: disabled (you can enable it with --thunder-lock)
uwsgi socket 0 bound to UNIX address /Users/kdustin/d08/ex01/django_project/django_project.sock fd 3
Python version: 3.9.1 (v3.9.1:1e5d33e9b9, Dec  7 2020, 12:10:52)  [Clang 6.0 (clang-600.0.57)]
PEP 405 virtualenv detected: /Users/kdustin/d08/ex01/django_venv
Set PythonHome to /Users/kdustin/d08/ex01/django_venv
*** Python threads support is disabled. You can enable it with --enable-threads ***
Python main interpreter initialized at 0x7f83dc408cb0
your server socket listen backlog is limited to 100 connections
your mercy for graceful operations on workers is 60 seconds
mapped 801856 bytes (783 KB) for 10 cores
*** Operational MODE: preforking ***
Traceback (most recent call last):
  File "./settings/wsgi.py", line 16, in <module>
    application = get_wsgi_application()
  File "/Users/kdustin/d08/ex01/django_venv/lib/python3.9/site-packages/django/core/wsgi.py", line 12, in get_wsgi_application
    django.setup(set_prefix=False)
  File "/Users/kdustin/d08/ex01/django_venv/lib/python3.9/site-packages/django/__init__.py", line 24, in setup
    apps.populate(settings.INSTALLED_APPS)
  File "/Users/kdustin/d08/ex01/django_venv/lib/python3.9/site-packages/django/apps/registry.py", line 114, in populate
    app_config.import_models()
  File "/Users/kdustin/d08/ex01/django_venv/lib/python3.9/site-packages/django/apps/config.py", line 301, in import_models
    self.models_module = import_module(models_module_name)
  File "/Library/Frameworks/Python.framework/Versions/3.9/lib/python3.9/importlib/__init__.py", line 127, in import_module
    return _bootstrap._gcd_import(name[level:], package, level)
  File "/Users/kdustin/d08/ex01/django_venv/lib/python3.9/site-packages/gallery/models.py", line 26
    except Exception, e:
                    ^
SyntaxError: invalid syntax
unable to load app 0 (mountpoint='') (callable not found or import error)
*** no app loaded. going in full dynamic mode ***
*** uWSGI is running in multiple interpreter mode ***
spawned uWSGI master process (pid: 34167)
spawned uWSGI worker 1 (pid: 34182, cores: 1)
spawned uWSGI worker 2 (pid: 34183, cores: 1)
spawned uWSGI worker 3 (pid: 34184, cores: 1)
spawned uWSGI worker 4 (pid: 34185, cores: 1)
spawned uWSGI worker 5 (pid: 34186, cores: 1)
spawned uWSGI worker 6 (pid: 34187, cores: 1)
spawned uWSGI worker 7 (pid: 34188, cores: 1)
spawned uWSGI worker 8 (pid: 34189, cores: 1)
spawned uWSGI worker 9 (pid: 34190, cores: 1)
spawned uWSGI worker 10 (pid: 34191, cores: 1)
*** Starting uWSGI 2.0.20 (64bit) on [Fri Nov  5 23:00:59 2021] ***
compiled with version: Apple LLVM 12.0.5 (clang-1205.0.22.9) on 05 November 2021 19:51:18
os: Darwin-20.6.0 Darwin Kernel Version 20.6.0: Mon Aug 30 06:12:21 PDT 2021; root:xnu-7195.141.6~3/RELEASE_X86_64
nodename: Diordychuks-MacBook-Pro.local
machine: x86_64
clock source: unix
pcre jit disabled
detected number of CPU cores: 4
current working directory: /Users/kdustin/d08/ex01
detected binary path: /Users/kdustin/d08/ex01/django_venv/bin/uwsgi
chdir() to /Users/kdustin/d08/ex01/django_project/
your processes number limit is 1392
your memory page size is 4096 bytes
detected max file descriptor number: 10240
lock engine: OSX spinlocks
thunder lock: disabled (you can enable it with --thunder-lock)
uwsgi socket 0 bound to UNIX address /Users/kdustin/d08/ex01/django_project/django_project.sock fd 3
Python version: 3.9.1 (v3.9.1:1e5d33e9b9, Dec  7 2020, 12:10:52)  [Clang 6.0 (clang-600.0.57)]
PEP 405 virtualenv detected: /Users/kdustin/d08/ex01/django_venv
Set PythonHome to /Users/kdustin/d08/ex01/django_venv
*** Python threads support is disabled. You can enable it with --enable-threads ***
Python main interpreter initialized at 0x7ffcfe805a70
your server socket listen backlog is limited to 100 connections
your mercy for graceful operations on workers is 60 seconds
mapped 801856 bytes (783 KB) for 10 cores
*** Operational MODE: preforking ***
WSGI app 0 (mountpoint='') ready in 0 seconds on interpreter 0x7ffcfe805a70 pid: 34516 (default app)
*** uWSGI is running in multiple interpreter mode ***
spawned uWSGI master process (pid: 34516)
spawned uWSGI worker 1 (pid: 34530, cores: 1)
spawned uWSGI worker 2 (pid: 34531, cores: 1)
spawned uWSGI worker 3 (pid: 34532, cores: 1)
spawned uWSGI worker 4 (pid: 34533, cores: 1)
spawned uWSGI worker 5 (pid: 34534, cores: 1)
spawned uWSGI worker 6 (pid: 34535, cores: 1)
spawned uWSGI worker 7 (pid: 34536, cores: 1)
spawned uWSGI worker 8 (pid: 34537, cores: 1)
spawned uWSGI worker 9 (pid: 34538, cores: 1)
spawned uWSGI worker 10 (pid: 34539, cores: 1)
[pid: 34539|app: 0|req: 1/1] 127.0.0.1 () {58 vars in 1148 bytes} [Fri Nov  5 20:01:03 2021] GET / => generated 2202 bytes in 94 msecs (HTTP/1.1 200) 7 headers in 349 bytes (2 switches on core 0)
*** Starting uWSGI 2.0.20 (64bit) on [Fri Nov  5 23:01:56 2021] ***
compiled with version: Apple LLVM 12.0.5 (clang-1205.0.22.9) on 05 November 2021 19:51:18
os: Darwin-20.6.0 Darwin Kernel Version 20.6.0: Mon Aug 30 06:12:21 PDT 2021; root:xnu-7195.141.6~3/RELEASE_X86_64
nodename: Diordychuks-MacBook-Pro.local
machine: x86_64
clock source: unix
pcre jit disabled
detected number of CPU cores: 4
current working directory: /Users/kdustin/d08/ex01
detected binary path: /Users/kdustin/d08/ex01/django_venv/bin/uwsgi
chdir() to /Users/kdustin/d08/ex01/django_project/
your processes number limit is 1392
your memory page size is 4096 bytes
detected max file descriptor number: 10240
lock engine: OSX spinlocks
thunder lock: disabled (you can enable it with --thunder-lock)
uwsgi socket 0 bound to UNIX address /Users/kdustin/d08/ex01/django_project/django_project.sock fd 3
Python version: 3.9.1 (v3.9.1:1e5d33e9b9, Dec  7 2020, 12:10:52)  [Clang 6.0 (clang-600.0.57)]
PEP 405 virtualenv detected: /Users/kdustin/d08/ex01/django_venv
Set PythonHome to /Users/kdustin/d08/ex01/django_venv
*** Python threads support is disabled. You can enable it with --enable-threads ***
Python main interpreter initialized at 0x7fcf4fc08850
your server socket listen backlog is limited to 100 connections
your mercy for graceful operations on workers is 60 seconds
mapped 801856 bytes (783 KB) for 10 cores
*** Operational MODE: preforking ***
WSGI app 0 (mountpoint='') ready in 0 seconds on interpreter 0x7fcf4fc08850 pid: 34758 (default app)
*** uWSGI is running in multiple interpreter mode ***
spawned uWSGI master process (pid: 34758)
spawned uWSGI worker 1 (pid: 34772, cores: 1)
spawned uWSGI worker 2 (pid: 34773, cores: 1)
spawned uWSGI worker 3 (pid: 34774, cores: 1)
spawned uWSGI worker 4 (pid: 34775, cores: 1)
spawned uWSGI worker 5 (pid: 34776, cores: 1)
spawned uWSGI worker 6 (pid: 34777, cores: 1)
spawned uWSGI worker 7 (pid: 34778, cores: 1)
spawned uWSGI worker 8 (pid: 34779, cores: 1)
spawned uWSGI worker 9 (pid: 34780, cores: 1)
spawned uWSGI worker 10 (pid: 34781, cores: 1)
[pid: 34780|app: 0|req: 1/1] 127.0.0.1 () {58 vars in 1148 bytes} [Fri Nov  5 20:02:00 2021] GET / => generated 2202 bytes in 66 msecs (HTTP/1.1 200) 7 headers in 349 bytes (2 switches on core 0)
*** Starting uWSGI 2.0.20 (64bit) on [Fri Nov  5 23:03:10 2021] ***
compiled with version: Apple LLVM 12.0.5 (clang-1205.0.22.9) on 05 November 2021 19:51:18
os: Darwin-20.6.0 Darwin Kernel Version 20.6.0: Mon Aug 30 06:12:21 PDT 2021; root:xnu-7195.141.6~3/RELEASE_X86_64
nodename: Diordychuks-MacBook-Pro.local
machine: x86_64
clock source: unix
pcre jit disabled
detected number of CPU cores: 4
current working directory: /Users/kdustin/d08/ex01
detected binary path: /Users/kdustin/d08/ex01/django_venv/bin/uwsgi
chdir() to /Users/kdustin/d08/ex01/django_project/
your processes number limit is 1392
your memory page size is 4096 bytes
detected max file descriptor number: 10240
lock engine: OSX spinlocks
thunder lock: disabled (you can enable it with --thunder-lock)
uwsgi socket 0 bound to UNIX address /Users/kdustin/d08/ex01/django_project/django_project.sock fd 3
Python version: 3.9.1 (v3.9.1:1e5d33e9b9, Dec  7 2020, 12:10:52)  [Clang 6.0 (clang-600.0.57)]
PEP 405 virtualenv detected: /Users/kdustin/d08/ex01/django_venv
Set PythonHome to /Users/kdustin/d08/ex01/django_venv
*** Python threads support is disabled. You can enable it with --enable-threads ***
Python main interpreter initialized at 0x7fed4cd09470
your server socket listen backlog is limited to 100 connections
your mercy for graceful operations on workers is 60 seconds
mapped 801856 bytes (783 KB) for 10 cores
*** Operational MODE: preforking ***
WSGI app 0 (mountpoint='') ready in 0 seconds on interpreter 0x7fed4cd09470 pid: 34971 (default app)
*** uWSGI is running in multiple interpreter mode ***
spawned uWSGI master process (pid: 34971)
spawned uWSGI worker 1 (pid: 34985, cores: 1)
spawned uWSGI worker 2 (pid: 34986, cores: 1)
spawned uWSGI worker 3 (pid: 34987, cores: 1)
spawned uWSGI worker 4 (pid: 34988, cores: 1)
spawned uWSGI worker 5 (pid: 34989, cores: 1)
spawned uWSGI worker 6 (pid: 34990, cores: 1)
spawned uWSGI worker 7 (pid: 34991, cores: 1)
spawned uWSGI worker 8 (pid: 34992, cores: 1)
spawned uWSGI worker 9 (pid: 34993, cores: 1)
spawned uWSGI worker 10 (pid: 34994, cores: 1)
[pid: 34994|app: 0|req: 1/1] 127.0.0.1 () {58 vars in 1148 bytes} [Fri Nov  5 20:03:13 2021] GET / => generated 2202 bytes in 58 msecs (HTTP/1.1 200) 7 headers in 349 bytes (2 switches on core 0)
